<?xml version="1.0" encoding="utf-8" standalone="no"?>
<test-run id="2" testcasecount="23" result="Failed" total="23" passed="12" failed="10" inconclusive="0" skipped="1" asserts="27" engine-version="3.6.1.0" clr-version="4.0.30319.42000" start-time="2017-07-30 20:41:14Z" end-time="2017-07-30 20:44:19Z" duration="185.195911">
  <command-line><![CDATA[C:\CrownBet\GitHub\WorkOnThis\humita2.0-master\packages\NUnit.ConsoleRunner.3.6.1\tools\nunit3-console.exe  /labels:ON /out:C:\CrownBet\GitHub\WorkOnThis\humita2.0-master\TestOutput.txt /result:C:\CrownBet\GitHub\WorkOnThis\humita2.0-master\TestResults.xml;format=nunit3 C:\CrownBet\GitHub\WorkOnThis\humita2.0-master\Zukini.nunit]]></command-line>
  <test-suite type="Assembly" id="3-1019" name="Zukini.UI.Examples.Features.dll" fullname="C:\CrownBet\GitHub\WorkOnThis\humita2.0-master\Zukini.UI.Examples.Features\bin\Debug\Zukini.UI.Examples.Features.dll" runstate="Runnable" testcasecount="15" result="Failed" site="Child" start-time="2017-07-30 20:41:15Z" end-time="2017-07-30 20:43:15Z" duration="120.017802" total="15" passed="7" failed="7" warnings="0" inconclusive="0" skipped="1" asserts="13">
    <environment framework-version="3.7.1.0" clr-version="4.0.30319.42000" os-version="Microsoft Windows NT 10.0.10240.0" platform="Win32NT" cwd="C:\CrownBet\GitHub\WorkOnThis\humita2.0-master" machine-name="WGTLAP2201" user="Ady.Kalra" user-domain="WGTECH" culture="en-US" uiculture="en-US" os-architecture="x64" />
    <settings>
      <setting name="DisposeRunners" value="True" />
      <setting name="WorkDirectory" value="C:\CrownBet\GitHub\WorkOnThis\humita2.0-master" />
      <setting name="BasePath" value="C:\CrownBet\GitHub\WorkOnThis\humita2.0-master" />
      <setting name="ImageRuntimeVersion" value="4.0.30319" />
      <setting name="ImageTargetFrameworkName" value=".NETFramework,Version=v4.5.1" />
      <setting name="ImageRequiresX86" value="False" />
      <setting name="ImageRequiresDefaultAppDomainAssemblyResolver" value="False" />
      <setting name="NumberOfTestWorkers" value="4" />
    </settings>
    <properties>
      <property name="LevelOfParallelism" value="4" />
      <property name="ParallelScope" value="Fixtures" />
      <property name="_PID" value="8204" />
      <property name="_APPDOMAIN" value="domain-7d1bdafe-Zukini.UI.Examples.Features.dll" />
    </properties>
    <failure>
      <message><![CDATA[One or more child tests had errors]]></message>
    </failure>
    <test-suite type="TestSuite" id="3-1020" name="Zukini" fullname="Zukini" runstate="Runnable" testcasecount="15" result="Failed" site="Child" start-time="2017-07-30 20:41:15Z" end-time="2017-07-30 20:43:15Z" duration="119.983530" total="15" passed="7" failed="7" warnings="0" inconclusive="0" skipped="1" asserts="13">
      <failure>
        <message><![CDATA[One or more child tests had errors]]></message>
      </failure>
      <test-suite type="TestSuite" id="3-1021" name="UI" fullname="Zukini.UI" runstate="Runnable" testcasecount="15" result="Failed" site="Child" start-time="2017-07-30 20:41:15Z" end-time="2017-07-30 20:43:15Z" duration="119.959255" total="15" passed="7" failed="7" warnings="0" inconclusive="0" skipped="1" asserts="13">
        <failure>
          <message><![CDATA[One or more child tests had errors]]></message>
        </failure>
        <test-suite type="TestSuite" id="3-1022" name="Examples" fullname="Zukini.UI.Examples" runstate="Runnable" testcasecount="15" result="Failed" site="Child" start-time="2017-07-30 20:41:15Z" end-time="2017-07-30 20:43:15Z" duration="119.927936" total="15" passed="7" failed="7" warnings="0" inconclusive="0" skipped="1" asserts="13">
          <failure>
            <message><![CDATA[One or more child tests had errors]]></message>
          </failure>
          <test-suite type="TestSuite" id="3-1023" name="Features" fullname="Zukini.UI.Examples.Features" runstate="Runnable" testcasecount="15" result="Failed" site="Child" start-time="2017-07-30 20:41:15Z" end-time="2017-07-30 20:43:15Z" duration="119.896671" total="15" passed="7" failed="7" warnings="0" inconclusive="0" skipped="1" asserts="13">
            <failure>
              <message><![CDATA[One or more child tests had errors]]></message>
            </failure>
            <test-suite type="TestSuite" id="3-1024" name="Steps" fullname="Zukini.UI.Examples.Features.Steps" runstate="Runnable" testcasecount="1" result="Failed" site="Child" start-time="2017-07-30 20:41:15Z" end-time="2017-07-30 20:41:15Z" duration="0.050455" total="1" passed="0" failed="1" warnings="0" inconclusive="0" skipped="0" asserts="0">
              <failure>
                <message><![CDATA[One or more child tests had errors]]></message>
              </failure>
              <test-suite type="TestFixture" id="3-1000" name="SeleniumGrid" fullname="Zukini.UI.Examples.Features.Steps.SeleniumGrid" classname="Zukini.UI.Examples.Features.Steps.SeleniumGrid" runstate="NotRunnable" testcasecount="1" result="Failed" label="Invalid" site="SetUp" start-time="2017-07-30 20:41:15Z" end-time="2017-07-30 20:41:15Z" duration="0.016708" total="1" passed="0" failed="1" warnings="0" inconclusive="0" skipped="0" asserts="0">
                <properties>
                  <property name="_SKIPREASON" value="No suitable constructor was found" />
                </properties>
                <failure>
                  <message><![CDATA[No suitable constructor was found]]></message>
                </failure>
                <test-case id="3-1001" name="GoogleForSeleniumOnGrid" fullname="Zukini.UI.Examples.Features.Steps.SeleniumGrid.GoogleForSeleniumOnGrid" methodname="GoogleForSeleniumOnGrid" classname="Zukini.UI.Examples.Features.Steps.SeleniumGrid" runstate="Runnable" seed="594646665" result="Failed" label="Invalid" site="Parent" start-time="0001-01-01 00:00:00Z" end-time="0001-01-01 00:00:00Z" duration="0.000000" asserts="0">
                  <failure>
                    <message><![CDATA[OneTimeSetUp: No suitable constructor was found]]></message>
                  </failure>
                </test-case>
              </test-suite>
            </test-suite>
            <test-suite type="TestSuite" id="3-1025" name="Features" fullname="Zukini.UI.Examples.Features.Features" runstate="Runnable" testcasecount="14" result="Failed" site="Child" start-time="2017-07-30 20:41:15Z" end-time="2017-07-30 20:43:15Z" duration="119.865412" total="14" passed="7" failed="6" warnings="0" inconclusive="0" skipped="1" asserts="13">
              <failure>
                <message><![CDATA[One or more child tests had errors]]></message>
              </failure>
              <test-suite type="TestSuite" id="3-1026" name="ClaimView" fullname="Zukini.UI.Examples.Features.Features.ClaimView" runstate="Runnable" testcasecount="2" result="Failed" site="Child" start-time="2017-07-30 20:41:15Z" end-time="2017-07-30 20:41:32Z" duration="16.893137" total="2" passed="0" failed="2" warnings="0" inconclusive="0" skipped="0" asserts="0">
                <failure>
                  <message><![CDATA[One or more child tests had errors]]></message>
                </failure>
                <test-suite type="TestFixture" id="3-1016" name="LoginFeature" fullname="Zukini.UI.Examples.Features.Features.ClaimView.LoginFeature" classname="Zukini.UI.Examples.Features.Features.ClaimView.LoginFeature" runstate="Runnable" testcasecount="2" result="Failed" site="Child" start-time="2017-07-30 20:41:15Z" end-time="2017-07-30 20:41:32Z" duration="16.876262" total="2" passed="0" failed="2" warnings="0" inconclusive="0" skipped="0" asserts="0">
                  <properties>
                    <property name="Description" value="Login" />
                    <property name="Category" value="login" />
                  </properties>
                  <failure>
                    <message><![CDATA[One or more child tests had errors]]></message>
                  </failure>
                  <test-case id="3-1018" name="FailedLoginDueToIncorrectUsernameOrPassword" fullname="Zukini.UI.Examples.Features.Features.ClaimView.LoginFeature.FailedLoginDueToIncorrectUsernameOrPassword" methodname="FailedLoginDueToIncorrectUsernameOrPassword" classname="Zukini.UI.Examples.Features.Features.ClaimView.LoginFeature" runstate="Runnable" seed="1648896550" result="Failed" label="Error" start-time="2017-07-30 20:41:16Z" end-time="2017-07-30 20:41:25Z" duration="9.489668" asserts="0">
                    <properties>
                      <property name="Description" value="Failed login due to incorrect username or password" />
                      <property name="Category" value="claimview" />
                    </properties>
                    <failure>
                      <message><![CDATA[Coypu.MissingHtmlException : Unable to find xpath: .//input[@name='Email']]]></message>
                      <stack-trace><![CDATA[   at Coypu.Timing.RetryUntilTimeoutTimingStrategy.Synchronise[TResult](Query`1 query)
   at Coypu.SynchronisedElementScope.Try(DriverAction action)
   at Coypu.ElementScope.FillInWith(String value, Options options)
   at Zukini.UI.Examples.Pages.ClaimView.LoginPage.FillEmailField(String email) in C:\CrownBet\GitHub\WorkOnThis\humita2.0-master\Zukini.UI.Examples.Pages\ClaimView\LoginPage.cs:line 32
   at System.Dynamic.UpdateDelegates.UpdateAndExecuteVoid2[T0,T1](CallSite site, T0 arg0, T1 arg1)
   at Zukini.UI.Examples.Features.Steps.ClaimView.LoginSteps.WhenIFillInTheFollowingForm(Table table) in C:\CrownBet\GitHub\WorkOnThis\humita2.0-master\Zukini.UI.Examples.Features\Steps\ClaimView\LoginSteps.cs:line 33
   at TechTalk.SpecFlow.Bindings.BindingInvoker.InvokeBinding(IBinding binding, IContextManager contextManager, Object[] arguments, ITestTracer testTracer, TimeSpan& duration)
   at TechTalk.SpecFlow.Infrastructure.TestExecutionEngine.ExecuteStepMatch(BindingMatch match, Object[] arguments)
   at TechTalk.SpecFlow.Infrastructure.TestExecutionEngine.ExecuteStep(StepInstance stepInstance)
   at TechTalk.SpecFlow.Infrastructure.TestExecutionEngine.OnAfterLastStep()
   at Zukini.UI.Examples.Features.Features.ClaimView.LoginFeature.ScenarioCleanup()
   at Zukini.UI.Examples.Features.Features.ClaimView.LoginFeature.FailedLoginDueToIncorrectUsernameOrPassword() in C:\CrownBet\GitHub\WorkOnThis\humita2.0-master\Zukini.UI.Examples.Features\Features\ClaimView\Login.feature:line 23]]></stack-trace>
                    </failure>
                    <output><![CDATA[Unique Test Id: 20170731_064121_d11f4
#10: Given I am at the login page
#9: Given I create a button that creates a delayed button
-> #9: done: SmokeTestSteps.GivenICreateAButtonThatCreatesADelayedButton() (0.1s)
#9: When I use TryUntil on the button
-> #9: error: Unable to find button: button1
#9: Then the second button should exist
-> #9: skipped because of previous errors
-> #10: done: LoginSteps.GivenIAmAtTheLoginPage() (1.5s)
#10: When I fill in the following form
  --- table step argument ---
  | field    | value    |
  | Email    | xtrumanx |
  | Password | P@55w0Rd |
-> #10: error: Unable to find xpath: .//input[@name='Email']
#10: And I click the login button
-> #10: skipped because of previous errors
#10: Then I should see "User name or password incorrect."
-> #10: skipped because of previous errors
Screenshot: file:///C:/CrownBet/Screenshots/Login_Failedloginduetoincorrectusernameorpassword_20170731_064121_d11f4.png
#9: Given I navigate to W3Schools table reference page
#10: Given I am at the login page
-> #10: done: LoginSteps.GivenIAmAtTheLoginPage() (1.0s)
#10: When I fill in the following form
  --- table step argument ---
  | field    | value                          |
  | Email    | matias.alfonso@jbknowledge.com |
  | Password | Maipu671                       |
-> #10: error: Unable to find xpath: .//input[@name='Email']
#10: And I click the login button
-> #10: skipped because of previous errors
#10: Then I should be at the Verification Page
-> #10: skipped because of previous errors
-> #9: done: SmokeTestSteps.GivenINavigateToWSchoolsTableReferencePage() (10.1s)
#9: Then I should see that the table tag is supported for the following
  --- table step argument ---
  | Browser |
  | Chrome  |
-> #9: done: SmokeTestSteps.ThenIShouldSeeThatTheTableTagIsSupportedForTheFollowing(<table>) (0.4s)
#9: Given I navigate to W3Schools table reference page
-> #9: done: SmokeTestSteps.GivenINavigateToWSchoolsTableReferencePage() (7.7s)
#9: Then I should see that the table tag is supported for the following
  --- table step argument ---
  | Browser |
  | IE      |
-> #9: error: Invalid browser name IE supplied.
#9: Given I navigate to W3Schools table reference page
-> #9: done: SmokeTestSteps.GivenINavigateToWSchoolsTableReferencePage() (8.4s)
#9: Then I should see that the table tag is supported for the following
  --- table step argument ---
  | Browser |
  | FireFox |
-> #9: done: SmokeTestSteps.ThenIShouldSeeThatTheTableTagIsSupportedForTheFollowing(<table>) (0.3s)
#9: Given I navigate to W3Schools table reference page
-> #9: done: SmokeTestSteps.GivenINavigateToWSchoolsTableReferencePage() (7.9s)
#9: Then I should see that the table tag is supported for the following
  --- table step argument ---
  | Browser |
  | Safari  |
-> #9: done: SmokeTestSteps.ThenIShouldSeeThatTheTableTagIsSupportedForTheFollowing(<table>) (0.3s)
#9: Given I navigate to W3Schools table reference page
-> #9: done: SmokeTestSteps.GivenINavigateToWSchoolsTableReferencePage() (8.0s)
#9: And I remember the sub-header text
-> #9: done: SmokeTestSteps.GivenIRememberTheSubHeaderText() (0.1s)
#9: Then the sub-header text should have been "THE WORLD'S LARGEST WEB DEVELOPER SITE"
-> #9: done: SmokeTestSteps.ThenTheSubHeaderTextShouldHaveBeen("THE WORLD'S LARGE...") (0.0s)
#9: Given I create a delayed button
-> #9: done: SmokeTestSteps.GivenICreateADelayedButton() (0.0s)
#9: Then the delayed button should eventually exist
-> #9: done: SmokeTestSteps.ThenTheDelayedButtonShouldEventuallyExist() (1.1s)
#9: And the delayed button has a size and location
-> #9: done: SmokeTestSteps.ThenTheDelayedButtonHasASizeAndLocation() (0.1s)
#9: Given I navigate to W3Schools table reference page
-> #9: done: SmokeTestSteps.GivenINavigateToWSchoolsTableReferencePage() (9.2s)
#9: Then I should see that the table tag is supported in "Chrome"
-> #9: done: SmokeTestSteps.ThenIShouldSeeThatTheTableTagIsSupportedIn("Chrome") (0.3s)
#9: And I should see that the table tag is supported in "IE"
-> #9: error: Invalid browser name IE supplied.
#9: And I should see that the table tag is supported in "FireFox"
-> #9: skipped because of previous errors
#9: And I should see that the table tag is supported in "Safari"
-> #9: skipped because of previous errors
#9: Given I navigate to Google
-> #9: done: SmokeTestSteps.GivenINavigateToGoogle() (2.2s)
#9: And I enter a search value of "SpecFlow"
-> #9: error: Unable to find field: q
#9: When I press Google Search
-> #9: skipped because of previous errors
#9: Then I should see "specflow.org" in the results
-> #9: skipped because of previous errors
#9: Given I try to navigate to Google
-> #9: done: SmokeTestSteps.GivenITryToNavigateToGoogle() (2.4s)
#9: Then navigation does not timeout
-> #9: done: SmokeTestSteps.ThenNavigationWillTimeOut("does not") (0.0s)
#9: Given I try to navigate to a url that changes the browser location
-> #9: done: SmokeTestSteps.GivenITryToNavigateToAUrlThatChangesTheBrowserLocation() (7.6s)
#9: Then navigation does timeout
-> #9: done: SmokeTestSteps.ThenNavigationWillTimeOut("does") (0.0s)
]]></output>
                  </test-case>
                  <test-case id="3-1017" name="LoggingInWithValidCredentials" fullname="Zukini.UI.Examples.Features.Features.ClaimView.LoginFeature.LoggingInWithValidCredentials" methodname="LoggingInWithValidCredentials" classname="Zukini.UI.Examples.Features.Features.ClaimView.LoginFeature" runstate="Runnable" seed="147821158" result="Failed" label="Error" start-time="2017-07-30 20:41:25Z" end-time="2017-07-30 20:41:32Z" duration="6.840323" asserts="0">
                    <properties>
                      <property name="Description" value="Logging in with valid credentials" />
                      <property name="Category" value="claimview" />
                    </properties>
                    <failure>
                      <message><![CDATA[Coypu.MissingHtmlException : Unable to find xpath: .//input[@name='Email']]]></message>
                      <stack-trace><![CDATA[   at Coypu.Timing.RetryUntilTimeoutTimingStrategy.Synchronise[TResult](Query`1 query)
   at Coypu.SynchronisedElementScope.Try(DriverAction action)
   at Coypu.ElementScope.FillInWith(String value, Options options)
   at Zukini.UI.Examples.Pages.ClaimView.LoginPage.FillEmailField(String email) in C:\CrownBet\GitHub\WorkOnThis\humita2.0-master\Zukini.UI.Examples.Pages\ClaimView\LoginPage.cs:line 32
   at Zukini.UI.Examples.Features.Steps.ClaimView.LoginSteps.WhenIFillInTheFollowingForm(Table table) in C:\CrownBet\GitHub\WorkOnThis\humita2.0-master\Zukini.UI.Examples.Features\Steps\ClaimView\LoginSteps.cs:line 33
   at TechTalk.SpecFlow.Bindings.BindingInvoker.InvokeBinding(IBinding binding, IContextManager contextManager, Object[] arguments, ITestTracer testTracer, TimeSpan& duration)
   at TechTalk.SpecFlow.Infrastructure.TestExecutionEngine.ExecuteStepMatch(BindingMatch match, Object[] arguments)
   at TechTalk.SpecFlow.Infrastructure.TestExecutionEngine.ExecuteStep(StepInstance stepInstance)
   at TechTalk.SpecFlow.Infrastructure.TestExecutionEngine.OnAfterLastStep()
   at Zukini.UI.Examples.Features.Features.ClaimView.LoginFeature.ScenarioCleanup()
   at Zukini.UI.Examples.Features.Features.ClaimView.LoginFeature.LoggingInWithValidCredentials() in C:\CrownBet\GitHub\WorkOnThis\humita2.0-master\Zukini.UI.Examples.Features\Features\ClaimView\Login.feature:line 14]]></stack-trace>
                    </failure>
                    <output><![CDATA[Unique Test Id: 20170731_064129_28f4b
Screenshot: file:///C:/CrownBet/Screenshots/Login_Logginginwithvalidcredentials_20170731_064129_28f4b.png
]]></output>
                  </test-case>
                </test-suite>
              </test-suite>
              <test-suite type="TestFixture" id="3-1002" name="SmokeTestFeature" fullname="Zukini.UI.Examples.Features.Features.SmokeTestFeature" classname="Zukini.UI.Examples.Features.Features.SmokeTestFeature" runstate="Runnable" testcasecount="12" result="Failed" site="Child" start-time="2017-07-30 20:41:15Z" end-time="2017-07-30 20:43:15Z" duration="119.818937" total="12" passed="7" failed="4" warnings="0" inconclusive="0" skipped="1" asserts="13">
                <properties>
                  <property name="Description" value="SmokeTest" />
                  <property name="Category" value="ui" />
                </properties>
                <failure>
                  <message><![CDATA[One or more child tests had errors]]></message>
                </failure>
                <test-case id="3-1013" name="IWantToDemonstrateHowToTryUntilAButtonAppears" fullname="Zukini.UI.Examples.Features.Features.SmokeTestFeature.IWantToDemonstrateHowToTryUntilAButtonAppears" methodname="IWantToDemonstrateHowToTryUntilAButtonAppears" classname="Zukini.UI.Examples.Features.Features.SmokeTestFeature" runstate="Runnable" seed="1299863714" result="Failed" label="Error" start-time="2017-07-30 20:41:16Z" end-time="2017-07-30 20:41:23Z" duration="7.290754" asserts="0">
                  <properties>
                    <property name="Description" value="I want to demonstrate how to try until a button appears" />
                    <property name="Category" value="browser_session_extension" />
                  </properties>
                  <failure>
                    <message><![CDATA[Coypu.MissingHtmlException : Unable to find button: button1]]></message>
                    <stack-trace><![CDATA[   at Coypu.Timing.RetryUntilTimeoutTimingStrategy.Synchronise[TResult](Query`1 query)
   at Coypu.Timing.RetryUntilTimeoutTimingStrategy.TryUntil(BrowserAction tryThis, PredicateQuery until, Options options)
   at Zukini.UI.BrowserSessionExtension.TryUntil(BrowserSession browserSession, Action action, Func`1 until) in C:\CrownBet\GitHub\WorkOnThis\humita2.0-master\Zukini.UI\BrowserSessionExtension.cs:line 31
   at Zukini.UI.Examples.Features.Steps.SmokeTestSteps.WhenIUseTryUntilOnTheButton() in C:\CrownBet\GitHub\WorkOnThis\humita2.0-master\Zukini.UI.Examples.Features\Steps\SmokeTestSteps.cs:line 130
   at TechTalk.SpecFlow.Bindings.BindingInvoker.InvokeBinding(IBinding binding, IContextManager contextManager, Object[] arguments, ITestTracer testTracer, TimeSpan& duration)
   at TechTalk.SpecFlow.Infrastructure.TestExecutionEngine.ExecuteStepMatch(BindingMatch match, Object[] arguments)
   at TechTalk.SpecFlow.Infrastructure.TestExecutionEngine.ExecuteStep(StepInstance stepInstance)
   at TechTalk.SpecFlow.Infrastructure.TestExecutionEngine.OnAfterLastStep()
   at Zukini.UI.Examples.Features.Features.SmokeTestFeature.ScenarioCleanup()
   at Zukini.UI.Examples.Features.Features.SmokeTestFeature.IWantToDemonstrateHowToTryUntilAButtonAppears() in C:\CrownBet\GitHub\WorkOnThis\humita2.0-master\Zukini.UI.Examples.Features\Features\SmokeTest.feature:line 58]]></stack-trace>
                  </failure>
                  <output><![CDATA[Unique Test Id: 20170731_064121_ef554
Screenshot: file:///C:/CrownBet/Screenshots/SmokeTest_Iwanttodemonstratehowtotryuntilabuttonappears_20170731_064121_ef554.png
]]></output>
                </test-case>
                <test-suite type="ParameterizedMethod" id="3-1011" name="IWantToDemonstrateHowToUseSpecFlowDataTables" fullname="Zukini.UI.Examples.Features.Features.SmokeTestFeature.IWantToDemonstrateHowToUseSpecFlowDataTables" classname="Zukini.UI.Examples.Features.Features.SmokeTestFeature" runstate="Runnable" testcasecount="4" result="Failed" site="Child" start-time="2017-07-30 20:41:23Z" end-time="2017-07-30 20:42:16Z" duration="52.892176" total="4" passed="3" failed="1" warnings="0" inconclusive="0" skipped="0" asserts="3">
                  <properties>
                    <property name="Description" value="I want to demonstrate how to use SpecFlow data tables" />
                    <property name="Category" value="table_example" />
                  </properties>
                  <failure>
                    <message><![CDATA[One or more child tests had errors]]></message>
                  </failure>
                  <test-case id="3-1007" name="IWantToDemonstrateHowToUseSpecFlowDataTables(&quot;Chrome&quot;,System.String[])" fullname="Zukini.UI.Examples.Features.Features.SmokeTestFeature.IWantToDemonstrateHowToUseSpecFlowDataTables(&quot;Chrome&quot;,System.String[])" methodname="IWantToDemonstrateHowToUseSpecFlowDataTables" classname="Zukini.UI.Examples.Features.Features.SmokeTestFeature" runstate="Runnable" seed="1089400709" result="Passed" start-time="2017-07-30 20:41:23Z" end-time="2017-07-30 20:41:38Z" duration="15.017996" asserts="1">
                    <output><![CDATA[Unique Test Id: 20170731_064127_71078
]]></output>
                  </test-case>
                  <test-case id="3-1008" name="IWantToDemonstrateHowToUseSpecFlowDataTables(&quot;IE&quot;,System.String[])" fullname="Zukini.UI.Examples.Features.Features.SmokeTestFeature.IWantToDemonstrateHowToUseSpecFlowDataTables(&quot;IE&quot;,System.String[])" methodname="IWantToDemonstrateHowToUseSpecFlowDataTables" classname="Zukini.UI.Examples.Features.Features.SmokeTestFeature" runstate="Runnable" seed="980583396" result="Failed" label="Error" start-time="2017-07-30 20:41:38Z" end-time="2017-07-30 20:41:51Z" duration="12.528199" asserts="0">
                    <failure>
                      <message><![CDATA[System.Exception : Invalid browser name IE supplied.]]></message>
                      <stack-trace><![CDATA[   at Zukini.UI.Examples.Pages.W3SchoolsTablePage.IsBrowserSupported(String browserName) in C:\CrownBet\GitHub\WorkOnThis\humita2.0-master\Zukini.UI.Examples.Pages\W3SchoolsTablePage.cs:line 34
   at Zukini.UI.Examples.Features.Steps.SmokeTestSteps.ThenIShouldSeeThatTheTableTagIsSupportedForTheFollowing(Table table) in C:\CrownBet\GitHub\WorkOnThis\humita2.0-master\Zukini.UI.Examples.Features\Steps\SmokeTestSteps.cs:line 87
   at TechTalk.SpecFlow.Bindings.BindingInvoker.InvokeBinding(IBinding binding, IContextManager contextManager, Object[] arguments, ITestTracer testTracer, TimeSpan& duration)
   at TechTalk.SpecFlow.Infrastructure.TestExecutionEngine.ExecuteStepMatch(BindingMatch match, Object[] arguments)
   at TechTalk.SpecFlow.Infrastructure.TestExecutionEngine.ExecuteStep(StepInstance stepInstance)
   at TechTalk.SpecFlow.Infrastructure.TestExecutionEngine.OnAfterLastStep()
   at Zukini.UI.Examples.Features.Features.SmokeTestFeature.ScenarioCleanup()
   at Zukini.UI.Examples.Features.Features.SmokeTestFeature.IWantToDemonstrateHowToUseSpecFlowDataTables(String browser, String[] exampleTags) in C:\CrownBet\GitHub\WorkOnThis\humita2.0-master\Zukini.UI.Examples.Features\Features\SmokeTest.feature:line 38]]></stack-trace>
                    </failure>
                    <output><![CDATA[Unique Test Id: 20170731_064142_475e7
Screenshot: file:///C:/CrownBet/Screenshots/SmokeTest_IwanttodemonstratehowtouseSpecFlowdatatables_20170731_064142_475e7.png
]]></output>
                  </test-case>
                  <test-case id="3-1009" name="IWantToDemonstrateHowToUseSpecFlowDataTables(&quot;FireFox&quot;,System.String[])" fullname="Zukini.UI.Examples.Features.Features.SmokeTestFeature.IWantToDemonstrateHowToUseSpecFlowDataTables(&quot;FireFox&quot;,System.String[])" methodname="IWantToDemonstrateHowToUseSpecFlowDataTables" classname="Zukini.UI.Examples.Features.Features.SmokeTestFeature" runstate="Runnable" seed="837480471" result="Passed" start-time="2017-07-30 20:41:51Z" end-time="2017-07-30 20:42:03Z" duration="12.917031" asserts="1">
                    <output><![CDATA[Unique Test Id: 20170731_064155_a50b1
]]></output>
                  </test-case>
                  <test-case id="3-1010" name="IWantToDemonstrateHowToUseSpecFlowDataTables(&quot;Safari&quot;,System.String[])" fullname="Zukini.UI.Examples.Features.Features.SmokeTestFeature.IWantToDemonstrateHowToUseSpecFlowDataTables(&quot;Safari&quot;,System.String[])" methodname="IWantToDemonstrateHowToUseSpecFlowDataTables" classname="Zukini.UI.Examples.Features.Features.SmokeTestFeature" runstate="Runnable" seed="1477411602" result="Passed" start-time="2017-07-30 20:42:03Z" end-time="2017-07-30 20:42:16Z" duration="12.417073" asserts="1">
                    <output><![CDATA[Unique Test Id: 20170731_064208_11900
]]></output>
                  </test-case>
                </test-suite>
                <test-case id="3-1005" name="IWantToDemonstrateHowToUseThePropertyBucket" fullname="Zukini.UI.Examples.Features.Features.SmokeTestFeature.IWantToDemonstrateHowToUseThePropertyBucket" methodname="IWantToDemonstrateHowToUseThePropertyBucket" classname="Zukini.UI.Examples.Features.Features.SmokeTestFeature" runstate="Runnable" seed="876267795" result="Passed" start-time="2017-07-30 20:42:16Z" end-time="2017-07-30 20:42:28Z" duration="12.425991" asserts="1">
                  <properties>
                    <property name="Description" value="I want to demonstrate how to use the property bucket" />
                    <property name="Category" value="property_bucket" />
                  </properties>
                  <output><![CDATA[Unique Test Id: 20170731_064220_a142a
]]></output>
                </test-case>
                <test-case id="3-1012" name="IWantToDemonstrateHowToWaitForAButtonToAppear" fullname="Zukini.UI.Examples.Features.Features.SmokeTestFeature.IWantToDemonstrateHowToWaitForAButtonToAppear" methodname="IWantToDemonstrateHowToWaitForAButtonToAppear" classname="Zukini.UI.Examples.Features.Features.SmokeTestFeature" runstate="Runnable" seed="1480152719" result="Passed" start-time="2017-07-30 20:42:28Z" end-time="2017-07-30 20:42:34Z" duration="5.386888" asserts="6">
                  <properties>
                    <property name="Description" value="I want to demonstrate how to wait for a button to appear" />
                    <property name="Category" value="browser_session_extension" />
                  </properties>
                  <output><![CDATA[Unique Test Id: 20170731_064232_618e9
]]></output>
                </test-case>
                <test-case id="3-1004" name="IWantToShowHowToUseRowAndCellHelpers" fullname="Zukini.UI.Examples.Features.Features.SmokeTestFeature.IWantToShowHowToUseRowAndCellHelpers" methodname="IWantToShowHowToUseRowAndCellHelpers" classname="Zukini.UI.Examples.Features.Features.SmokeTestFeature" runstate="Runnable" seed="1934375395" result="Failed" label="Error" start-time="2017-07-30 20:42:34Z" end-time="2017-07-30 20:42:48Z" duration="14.340766" asserts="1">
                  <properties>
                    <property name="Description" value="I want to show how to use row and cell helpers" />
                    <property name="Category" value="table_example" />
                  </properties>
                  <failure>
                    <message><![CDATA[System.Exception : Invalid browser name IE supplied.]]></message>
                    <stack-trace><![CDATA[   at Zukini.UI.Examples.Pages.W3SchoolsTablePage.IsBrowserSupported(String browserName) in C:\CrownBet\GitHub\WorkOnThis\humita2.0-master\Zukini.UI.Examples.Pages\W3SchoolsTablePage.cs:line 34
   at Zukini.UI.Examples.Features.Steps.SmokeTestSteps.ThenIShouldSeeThatTheTableTagIsSupportedIn(String browserName) in C:\CrownBet\GitHub\WorkOnThis\humita2.0-master\Zukini.UI.Examples.Features\Steps\SmokeTestSteps.cs:line 59
   at TechTalk.SpecFlow.Bindings.BindingInvoker.InvokeBinding(IBinding binding, IContextManager contextManager, Object[] arguments, ITestTracer testTracer, TimeSpan& duration)
   at TechTalk.SpecFlow.Infrastructure.TestExecutionEngine.ExecuteStepMatch(BindingMatch match, Object[] arguments)
   at TechTalk.SpecFlow.Infrastructure.TestExecutionEngine.ExecuteStep(StepInstance stepInstance)
   at TechTalk.SpecFlow.Infrastructure.TestExecutionEngine.OnAfterLastStep()
   at Zukini.UI.Examples.Features.Features.SmokeTestFeature.ScenarioCleanup()
   at Zukini.UI.Examples.Features.Features.SmokeTestFeature.IWantToShowHowToUseRowAndCellHelpers() in C:\CrownBet\GitHub\WorkOnThis\humita2.0-master\Zukini.UI.Examples.Features\Features\SmokeTest.feature:line 20]]></stack-trace>
                  </failure>
                  <output><![CDATA[Unique Test Id: 20170731_064238_3f5bd
Screenshot: file:///C:/CrownBet/Screenshots/SmokeTest_Iwanttoshowhowtouserowandcellhelpers_20170731_064238_3f5bd.png
]]></output>
                </test-case>
                <test-case id="3-1003" name="PerformAGoogleSearchForSpecFlowReturnsSpecflow_OrgSite" fullname="Zukini.UI.Examples.Features.Features.SmokeTestFeature.PerformAGoogleSearchForSpecFlowReturnsSpecflow_OrgSite" methodname="PerformAGoogleSearchForSpecFlowReturnsSpecflow_OrgSite" classname="Zukini.UI.Examples.Features.Features.SmokeTestFeature" runstate="Runnable" seed="200822938" result="Failed" label="Error" start-time="2017-07-30 20:42:48Z" end-time="2017-07-30 20:42:56Z" duration="7.809252" asserts="0">
                  <properties>
                    <property name="Description" value="Perform a google search for SpecFlow returns specflow.org site" />
                    <property name="Category" value="google_search" />
                  </properties>
                  <failure>
                    <message><![CDATA[Coypu.MissingHtmlException : Unable to find field: q]]></message>
                    <stack-trace><![CDATA[   at Coypu.Timing.RetryUntilTimeoutTimingStrategy.Synchronise[TResult](Query`1 query)
   at Coypu.SynchronisedElementScope.Try(DriverAction action)
   at Coypu.ElementScope.FillInWith(String value, Options options)
   at Zukini.UI.Examples.Features.Steps.SmokeTestSteps.GivenIEnterASearchValueOf(String searchValue) in C:\CrownBet\GitHub\WorkOnThis\humita2.0-master\Zukini.UI.Examples.Features\Steps\SmokeTestSteps.cs:line 33
   at TechTalk.SpecFlow.Bindings.BindingInvoker.InvokeBinding(IBinding binding, IContextManager contextManager, Object[] arguments, ITestTracer testTracer, TimeSpan& duration)
   at TechTalk.SpecFlow.Infrastructure.TestExecutionEngine.ExecuteStepMatch(BindingMatch match, Object[] arguments)
   at TechTalk.SpecFlow.Infrastructure.TestExecutionEngine.ExecuteStep(StepInstance stepInstance)
   at TechTalk.SpecFlow.Infrastructure.TestExecutionEngine.OnAfterLastStep()
   at Zukini.UI.Examples.Features.Features.SmokeTestFeature.ScenarioCleanup()
   at Zukini.UI.Examples.Features.Features.SmokeTestFeature.PerformAGoogleSearchForSpecFlowReturnsSpecflow_OrgSite() in C:\CrownBet\GitHub\WorkOnThis\humita2.0-master\Zukini.UI.Examples.Features\Features\SmokeTest.feature:line 12]]></stack-trace>
                  </failure>
                  <output><![CDATA[Unique Test Id: 20170731_064252_aea01
Screenshot: file:///C:/CrownBet/Screenshots/SmokeTest_PerformagooglesearchforSpecFlowreturnsspecflow.orgsite_20170731_064252_aea01.png
]]></output>
                </test-case>
                <test-case id="3-1006" name="PerformingASearchForSpecFlowAndExpectingRandomTextShouldFailAndGiveMeAScreenshot" fullname="Zukini.UI.Examples.Features.Features.SmokeTestFeature.PerformingASearchForSpecFlowAndExpectingRandomTextShouldFailAndGiveMeAScreenshot" methodname="PerformingASearchForSpecFlowAndExpectingRandomTextShouldFailAndGiveMeAScreenshot" classname="Zukini.UI.Examples.Features.Features.SmokeTestFeature" runstate="Ignored" seed="633606558" result="Skipped" label="Ignored" start-time="2017-07-30 20:42:56Z" end-time="2017-07-30 20:42:56Z" duration="0.000815" asserts="0">
                  <properties>
                    <property name="Description" value="Performing a search for SpecFlow and expecting random text should fail and give me a screenshot" />
                    <property name="_SKIPREASON" value="Ignored scenario" />
                  </properties>
                  <reason>
                    <message><![CDATA[Ignored scenario]]></message>
                  </reason>
                </test-case>
                <test-case id="3-1015" name="WaitForNavigationDoesNotTimeout" fullname="Zukini.UI.Examples.Features.Features.SmokeTestFeature.WaitForNavigationDoesNotTimeout" methodname="WaitForNavigationDoesNotTimeout" classname="Zukini.UI.Examples.Features.Features.SmokeTestFeature" runstate="Runnable" seed="187807660" result="Passed" start-time="2017-07-30 20:42:56Z" end-time="2017-07-30 20:43:03Z" duration="6.637641" asserts="1">
                  <properties>
                    <property name="Description" value="WaitForNavigation does not timeout" />
                    <property name="Category" value="browser_session_extension" />
                  </properties>
                  <output><![CDATA[Unique Test Id: 20170731_064300_b0d51
]]></output>
                </test-case>
                <test-case id="3-1014" name="WaitForNavigationDoesTimeout" fullname="Zukini.UI.Examples.Features.Features.SmokeTestFeature.WaitForNavigationDoesTimeout" methodname="WaitForNavigationDoesTimeout" classname="Zukini.UI.Examples.Features.Features.SmokeTestFeature" runstate="Runnable" seed="238581869" result="Passed" start-time="2017-07-30 20:43:03Z" end-time="2017-07-30 20:43:15Z" duration="12.448650" asserts="1">
                  <properties>
                    <property name="Description" value="WaitForNavigation does timeout" />
                    <property name="Category" value="browser_session_extension" />
                  </properties>
                  <output><![CDATA[Unique Test Id: 20170731_064307_46f6d
]]></output>
                </test-case>
              </test-suite>
            </test-suite>
          </test-suite>
        </test-suite>
      </test-suite>
    </test-suite>
  </test-suite>
  <test-suite type="Assembly" id="4-1013" name="Zukini.API.Examples.Features.dll" fullname="C:\CrownBet\GitHub\WorkOnThis\humita2.0-master\Zukini.API.Examples.Features\bin\Debug\Zukini.API.Examples.Features.dll" runstate="Runnable" testcasecount="8" result="Failed" site="Child" start-time="2017-07-30 20:43:15Z" end-time="2017-07-30 20:44:19Z" duration="63.985252" total="8" passed="5" failed="3" warnings="0" inconclusive="0" skipped="0" asserts="14">
    <environment framework-version="3.7.1.0" clr-version="4.0.30319.42000" os-version="Microsoft Windows NT 10.0.10240.0" platform="Win32NT" cwd="C:\CrownBet\GitHub\WorkOnThis\humita2.0-master" machine-name="WGTLAP2201" user="Ady.Kalra" user-domain="WGTECH" culture="en-US" uiculture="en-US" os-architecture="x64" />
    <settings>
      <setting name="DisposeRunners" value="True" />
      <setting name="WorkDirectory" value="C:\CrownBet\GitHub\WorkOnThis\humita2.0-master" />
      <setting name="BasePath" value="C:\CrownBet\GitHub\WorkOnThis\humita2.0-master" />
      <setting name="ImageRuntimeVersion" value="4.0.30319" />
      <setting name="ImageTargetFrameworkName" value=".NETFramework,Version=v4.5.1" />
      <setting name="ImageRequiresX86" value="False" />
      <setting name="ImageRequiresDefaultAppDomainAssemblyResolver" value="False" />
      <setting name="NumberOfTestWorkers" value="4" />
    </settings>
    <properties>
      <property name="ParallelScope" value="Fixtures" />
      <property name="_PID" value="8204" />
      <property name="_APPDOMAIN" value="domain-99eddb30-Zukini.API.Examples.Features.dll" />
    </properties>
    <failure>
      <message><![CDATA[One or more child tests had errors]]></message>
    </failure>
    <test-suite type="TestSuite" id="4-1014" name="Zukini" fullname="Zukini" runstate="Runnable" testcasecount="8" result="Failed" site="Child" start-time="2017-07-30 20:43:15Z" end-time="2017-07-30 20:44:19Z" duration="63.950896" total="8" passed="5" failed="3" warnings="0" inconclusive="0" skipped="0" asserts="14">
      <failure>
        <message><![CDATA[One or more child tests had errors]]></message>
      </failure>
      <test-suite type="TestSuite" id="4-1015" name="API" fullname="Zukini.API" runstate="Runnable" testcasecount="8" result="Failed" site="Child" start-time="2017-07-30 20:43:15Z" end-time="2017-07-30 20:44:19Z" duration="63.931299" total="8" passed="5" failed="3" warnings="0" inconclusive="0" skipped="0" asserts="14">
        <failure>
          <message><![CDATA[One or more child tests had errors]]></message>
        </failure>
        <test-suite type="TestSuite" id="4-1016" name="Examples" fullname="Zukini.API.Examples" runstate="Runnable" testcasecount="8" result="Failed" site="Child" start-time="2017-07-30 20:43:15Z" end-time="2017-07-30 20:44:19Z" duration="63.911440" total="8" passed="5" failed="3" warnings="0" inconclusive="0" skipped="0" asserts="14">
          <failure>
            <message><![CDATA[One or more child tests had errors]]></message>
          </failure>
          <test-suite type="TestSuite" id="4-1017" name="Features" fullname="Zukini.API.Examples.Features" runstate="Runnable" testcasecount="8" result="Failed" site="Child" start-time="2017-07-30 20:43:15Z" end-time="2017-07-30 20:44:19Z" duration="63.892019" total="8" passed="5" failed="3" warnings="0" inconclusive="0" skipped="0" asserts="14">
            <failure>
              <message><![CDATA[One or more child tests had errors]]></message>
            </failure>
            <test-suite type="TestSuite" id="4-1018" name="Features" fullname="Zukini.API.Examples.Features.Features" runstate="Runnable" testcasecount="8" result="Failed" site="Child" start-time="2017-07-30 20:43:16Z" end-time="2017-07-30 20:44:19Z" duration="63.872405" total="8" passed="5" failed="3" warnings="0" inconclusive="0" skipped="0" asserts="14">
              <failure>
                <message><![CDATA[One or more child tests had errors]]></message>
              </failure>
              <test-suite type="TestFixture" id="4-1000" name="APIExampleFeaturesFeature" fullname="Zukini.API.Examples.Features.Features.APIExampleFeaturesFeature" classname="Zukini.API.Examples.Features.Features.APIExampleFeaturesFeature" runstate="Runnable" testcasecount="5" result="Passed" start-time="2017-07-30 20:43:16Z" end-time="2017-07-30 20:43:19Z" duration="3.258645" total="5" passed="5" failed="0" warnings="0" inconclusive="0" skipped="0" asserts="14">
                <properties>
                  <property name="Description" value="API Example Features" />
                  <property name="Category" value="api" />
                </properties>
                <test-case id="4-1005" name="DeleteAPostFromOurFakeAPI" fullname="Zukini.API.Examples.Features.Features.APIExampleFeaturesFeature.DeleteAPostFromOurFakeAPI" methodname="DeleteAPostFromOurFakeAPI" classname="Zukini.API.Examples.Features.Features.APIExampleFeaturesFeature" runstate="Runnable" seed="405154431" result="Passed" start-time="2017-07-30 20:43:16Z" end-time="2017-07-30 20:43:17Z" duration="1.239097" asserts="1">
                  <properties>
                    <property name="Description" value="Delete a post from our fake API" />
                    <property name="Category" value="delete_example" />
                  </properties>
                  <output><![CDATA[#20: Given an access token
#22: Given I perform a DELETE for postId "1"
#21: Given an access token
-> #22: done: JsonPlaceholderApiSteps.GivenIPerformAdeleteForPostId(1) (1.1s)
#22: Then I should get a status code of "OK"
-> #22: done: JsonPlaceholderApiSteps.ThenIShouldGetAStatusCodeOf("OK") (0.0s)
#22: Given I perform a GET for post "1"
-> #22: done: JsonPlaceholderApiSteps.GivenIPerformAgetForPost(1) (0.1s)
#22: Then the Get response should contain the following data
  --- table step argument ---
  | userId | id | title                                                                      | body                                                                                                                                                           |
  | 1      | 1  | sunt aut facere repellat provident occaecati excepturi optio reprehenderit | quia et suscipit
suscipit recusandae consequuntur expedita et cum
reprehenderit molestiae ut ut quas totam
nostrum rerum est autem sunt rem eveniet architecto |
-> #22: done: JsonPlaceholderApiSteps.ThenTheGetResponseShouldContainTheFollowingData(<table>) (0.0s)
#22: Given I "Patch" a record with id "1"
  --- table step argument ---
  | title               | body                                                 | userId |
  | Checkout this PATCH | Here is a test title to demonstrate testing a patch. | 123    |
-> #22: done: JsonPlaceholderApiSteps.GivenIPatchOrPutARecordWithId("Patch", 1, <table>) (0.4s)
#22: Then the "Patch" data should return "Checkout this PATCH" in the "title" field
-> #22: done: JsonPlaceholderApiSteps.ThenThePutOrPostDataShouldReturnInTheField("Patch", "Checkout this PATCH", "title") (0.0s)
#22: Then the "Patch" data should return "Here is a test title to demonstrate testing a patch." in the "body" field
-> #22: done: JsonPlaceholderApiSteps.ThenThePutOrPostDataShouldReturnInTheField("Patch", "Here is a test ti...", "body") (0.0s)
#22: Then the "Patch" data should return "123" in the "userId" field
-> #22: done: JsonPlaceholderApiSteps.ThenThePutOrPostDataShouldReturnInTheField("Patch", "123", "userId") (0.0s)
#22: Given I post the following data to the API
  --- table step argument ---
  | title                  | body                                                | userId |
  | Checkout this new POST | Here is a test title to demonstrate testing a post. | 123    |
-> #22: done: JsonPlaceholderApiSteps.GivenIPostTheFollowingDataToTheApi(<table>) (0.6s)
#22: Then the post data should return "Checkout this new POST" in the "title" field
-> #22: done: JsonPlaceholderApiSteps.ThenThePostDataShouldReturnInTheField("Checkout this new...", "title") (0.0s)
#22: And the post data should return "Here is a test title to demonstrate testing a post." in the "body" field
-> #22: done: JsonPlaceholderApiSteps.ThenThePostDataShouldReturnInTheField("Here is a test ti...", "body") (0.0s)
#22: And the post data should return "123" in the "userId" field
-> #22: done: JsonPlaceholderApiSteps.ThenThePostDataShouldReturnInTheField("123", "userId") (0.0s)
#22: Given I "Put" a record with id "2"
  --- table step argument ---
  | title           | body                                               | userId |
  | Checkout my PUT | Here is a test title to demonstrate testing a put. | 456    |
-> #22: done: JsonPlaceholderApiSteps.GivenIPatchOrPutARecordWithId("Put", 2, <table>) (0.6s)
#22: Then the "Put" data should return "Checkout my PUT" in the "title" field
-> #22: done: JsonPlaceholderApiSteps.ThenThePutOrPostDataShouldReturnInTheField("Put", "Checkout my PUT", "title") (0.0s)
#22: Then the "Put" data should return "Here is a test title to demonstrate testing a put." in the "body" field
-> #22: done: JsonPlaceholderApiSteps.ThenThePutOrPostDataShouldReturnInTheField("Put", "Here is a test ti...", "body") (0.0s)
#22: Then the "Put" data should return "456" in the "userId" field
-> #22: done: JsonPlaceholderApiSteps.ThenThePutOrPostDataShouldReturnInTheField("Put", "456", "userId") (0.0s)
-> #21: error: Error reading JObject from JsonReader. Path '', line 0, position 0.
#21: When I search for userId 'kthurman' and clientNumber '388'
-> #21: skipped because of previous errors
#21: Then the result must contains F148576 and epenaloza@ccmsi.com
-> #21: skipped because of previous errors
-> #20: error: Error reading JObject from JsonReader. Path '', line 0, position 0.
#20: When I search for userId "kthurman"
-> #20: skipped because of previous errors
#20: Then the result contains 001 and Nacco (001)
-> #20: skipped because of previous errors
#20: Given an access token
-> #20: error: Error reading JObject from JsonReader. Path '', line 0, position 0.
#20: When I search for userId "kthurman"
-> #20: skipped because of previous errors
#20: Then the result contains 002 and CONSOLIDATED CONSTRUCTION SAFETY FUND OF ILLINOIS (002)
-> #20: skipped because of previous errors
]]></output>
                </test-case>
                <test-case id="4-1001" name="GetAResourceFromAnAPIAndValidateTheReturnData" fullname="Zukini.API.Examples.Features.Features.APIExampleFeaturesFeature.GetAResourceFromAnAPIAndValidateTheReturnData" methodname="GetAResourceFromAnAPIAndValidateTheReturnData" classname="Zukini.API.Examples.Features.Features.APIExampleFeaturesFeature" runstate="Runnable" seed="1705297778" result="Passed" start-time="2017-07-30 20:43:17Z" end-time="2017-07-30 20:43:17Z" duration="0.064909" asserts="4">
                  <properties>
                    <property name="Description" value="Get a resource from an API and validate the return data" />
                    <property name="Category" value="get_example" />
                  </properties>
                </test-case>
                <test-case id="4-1003" name="PatchToAnAPIAndValidateThatThePatchDataReturnedIsCorrect" fullname="Zukini.API.Examples.Features.Features.APIExampleFeaturesFeature.PatchToAnAPIAndValidateThatThePatchDataReturnedIsCorrect" methodname="PatchToAnAPIAndValidateThatThePatchDataReturnedIsCorrect" classname="Zukini.API.Examples.Features.Features.APIExampleFeaturesFeature" runstate="Runnable" seed="140061009" result="Passed" start-time="2017-07-30 20:43:17Z" end-time="2017-07-30 20:43:18Z" duration="0.390869" asserts="3">
                  <properties>
                    <property name="Description" value="Patch to an API and validate that the patch data returned is correct" />
                    <property name="Category" value="patch_example" />
                  </properties>
                </test-case>
                <test-case id="4-1002" name="PostToAnAPIAndValidateThatThePostDataReturnedIsCorrect" fullname="Zukini.API.Examples.Features.Features.APIExampleFeaturesFeature.PostToAnAPIAndValidateThatThePostDataReturnedIsCorrect" methodname="PostToAnAPIAndValidateThatThePostDataReturnedIsCorrect" classname="Zukini.API.Examples.Features.Features.APIExampleFeaturesFeature" runstate="Runnable" seed="1267706219" result="Passed" start-time="2017-07-30 20:43:18Z" end-time="2017-07-30 20:43:18Z" duration="0.562816" asserts="3">
                  <properties>
                    <property name="Description" value="Post to an API and validate that the post data returned is correct" />
                    <property name="Category" value="post_example" />
                  </properties>
                </test-case>
                <test-case id="4-1004" name="PutToAnAPIAndValidateThatThePutDataReturnedIsCorrect" fullname="Zukini.API.Examples.Features.Features.APIExampleFeaturesFeature.PutToAnAPIAndValidateThatThePutDataReturnedIsCorrect" methodname="PutToAnAPIAndValidateThatThePutDataReturnedIsCorrect" classname="Zukini.API.Examples.Features.Features.APIExampleFeaturesFeature" runstate="Runnable" seed="657143779" result="Passed" start-time="2017-07-30 20:43:18Z" end-time="2017-07-30 20:43:19Z" duration="0.584695" asserts="3">
                  <properties>
                    <property name="Description" value="Put to an API and validate that the put data returned is correct" />
                    <property name="Category" value="put_example" />
                  </properties>
                </test-case>
              </test-suite>
              <test-suite type="TestFixture" id="4-1010" name="CCMSIAPIMobileExampleFeaturesForClaimFeature" fullname="Zukini.API.Examples.Features.Features.CCMSIAPIMobileExampleFeaturesForClaimFeature" classname="Zukini.API.Examples.Features.Features.CCMSIAPIMobileExampleFeaturesForClaimFeature" runstate="Runnable" testcasecount="1" result="Failed" site="Child" start-time="2017-07-30 20:43:16Z" end-time="2017-07-30 20:43:37Z" duration="21.890328" total="1" passed="0" failed="1" warnings="0" inconclusive="0" skipped="0" asserts="0">
                <properties>
                  <property name="Description" value="CCMSI API Mobile Example Features For Claim" />
                  <property name="Category" value="api" />
                </properties>
                <failure>
                  <message><![CDATA[One or more child tests had errors]]></message>
                </failure>
                <test-suite type="ParameterizedMethod" id="4-1012" name="CcmsiGetPaginatedClaimList" fullname="Zukini.API.Examples.Features.Features.CCMSIAPIMobileExampleFeaturesForClaimFeature.CcmsiGetPaginatedClaimList" classname="Zukini.API.Examples.Features.Features.CCMSIAPIMobileExampleFeaturesForClaimFeature" runstate="Runnable" testcasecount="1" result="Failed" site="Child" start-time="2017-07-30 20:43:16Z" end-time="2017-07-30 20:43:37Z" duration="21.528419" total="1" passed="0" failed="1" warnings="0" inconclusive="0" skipped="0" asserts="0">
                  <properties>
                    <property name="Description" value="Ccmsi Get Paginated Claim List" />
                    <property name="Category" value="claims" />
                    <property name="Category" value="ccmsi" />
                  </properties>
                  <failure>
                    <message><![CDATA[One or more child tests had errors]]></message>
                  </failure>
                  <test-case id="4-1011" name="CcmsiGetPaginatedClaimList(&quot;F148576&quot;,&quot;epenaloza@ccmsi.com&quot;,System.String[])" fullname="Zukini.API.Examples.Features.Features.CCMSIAPIMobileExampleFeaturesForClaimFeature.CcmsiGetPaginatedClaimList(&quot;F148576&quot;,&quot;epenaloza@ccmsi.com&quot;,System.String[])" methodname="CcmsiGetPaginatedClaimList" classname="Zukini.API.Examples.Features.Features.CCMSIAPIMobileExampleFeaturesForClaimFeature" runstate="Runnable" seed="1927982932" result="Failed" label="Error" start-time="2017-07-30 20:43:16Z" end-time="2017-07-30 20:43:37Z" duration="21.504302" asserts="0">
                    <failure>
                      <message><![CDATA[Newtonsoft.Json.JsonReaderException : Error reading JObject from JsonReader. Path '', line 0, position 0.]]></message>
                      <stack-trace><![CDATA[   at Newtonsoft.Json.Linq.JObject.Load(JsonReader reader, JsonLoadSettings settings)
   at Newtonsoft.Json.Linq.JObject.Parse(String json, JsonLoadSettings settings)
   at Zukini.API.Services.CcmsiService.GetDeserializeResponse[T](IRestResponse response) in C:\CrownBet\GitHub\WorkOnThis\humita2.0-master\Zukini.API.Services\CcmsiService.cs:line 14
   at Zukini.API.Services.Ccmsi.IdentityServer.Request.SearchIdentityServer.GetIdentityServerTokenDto() in C:\CrownBet\GitHub\WorkOnThis\humita2.0-master\Zukini.API.Services\Ccmsi\IdentityServer\Request\SearchIdentityServer.cs:line 20
   at Zukini.API.Examples.Features.Steps.CcmsiMobileApiExampleFeaturesSteps.GivenAnAccessToken() in C:\CrownBet\GitHub\WorkOnThis\humita2.0-master\Zukini.API.Examples.Features\Steps\CcmsiMobileApiExampleFeaturesSteps.cs:line 27
   at TechTalk.SpecFlow.Bindings.BindingInvoker.InvokeBinding(IBinding binding, IContextManager contextManager, Object[] arguments, ITestTracer testTracer, TimeSpan& duration)
   at TechTalk.SpecFlow.Infrastructure.TestExecutionEngine.ExecuteStepMatch(BindingMatch match, Object[] arguments)
   at TechTalk.SpecFlow.Infrastructure.TestExecutionEngine.ExecuteStep(StepInstance stepInstance)
   at TechTalk.SpecFlow.Infrastructure.TestExecutionEngine.OnAfterLastStep()
   at Zukini.API.Examples.Features.Features.CCMSIAPIMobileExampleFeaturesForClaimFeature.ScenarioCleanup()
   at Zukini.API.Examples.Features.Features.CCMSIAPIMobileExampleFeaturesForClaimFeature.CcmsiGetPaginatedClaimList(String claimNumber, String adjusterEmail, String[] exampleTags) in C:\CrownBet\GitHub\WorkOnThis\humita2.0-master\Zukini.API.Examples.Features\Features\ApiClaims.feature:line 10]]></stack-trace>
                    </failure>
                  </test-case>
                </test-suite>
              </test-suite>
              <test-suite type="TestFixture" id="4-1006" name="CCMSIAPIMobileExampleFeaturesForClientFeature" fullname="Zukini.API.Examples.Features.Features.CCMSIAPIMobileExampleFeaturesForClientFeature" classname="Zukini.API.Examples.Features.Features.CCMSIAPIMobileExampleFeaturesForClientFeature" runstate="Runnable" testcasecount="2" result="Failed" site="Child" start-time="2017-07-30 20:43:16Z" end-time="2017-07-30 20:44:19Z" duration="63.853117" total="2" passed="0" failed="2" warnings="0" inconclusive="0" skipped="0" asserts="0">
                <properties>
                  <property name="Description" value="CCMSI API Mobile Example Features for Client" />
                  <property name="Category" value="api" />
                </properties>
                <failure>
                  <message><![CDATA[One or more child tests had errors]]></message>
                </failure>
                <test-suite type="ParameterizedMethod" id="4-1009" name="CcmsiGetPaginatedClientList" fullname="Zukini.API.Examples.Features.Features.CCMSIAPIMobileExampleFeaturesForClientFeature.CcmsiGetPaginatedClientList" classname="Zukini.API.Examples.Features.Features.CCMSIAPIMobileExampleFeaturesForClientFeature" runstate="Runnable" testcasecount="2" result="Failed" site="Child" start-time="2017-07-30 20:43:16Z" end-time="2017-07-30 20:44:19Z" duration="63.502285" total="2" passed="0" failed="2" warnings="0" inconclusive="0" skipped="0" asserts="0">
                  <properties>
                    <property name="Description" value="Ccmsi Get Paginated Client List" />
                    <property name="Category" value="clients" />
                    <property name="Category" value="ccmsi" />
                  </properties>
                  <failure>
                    <message><![CDATA[One or more child tests had errors]]></message>
                  </failure>
                  <test-case id="4-1007" name="CcmsiGetPaginatedClientList(&quot;001&quot;,&quot;Nacco (001)&quot;,System.String[])" fullname="Zukini.API.Examples.Features.Features.CCMSIAPIMobileExampleFeaturesForClientFeature.CcmsiGetPaginatedClientList(&quot;001&quot;,&quot;Nacco (001)&quot;,System.String[])" methodname="CcmsiGetPaginatedClientList" classname="Zukini.API.Examples.Features.Features.CCMSIAPIMobileExampleFeaturesForClientFeature" runstate="Runnable" seed="181205871" result="Failed" label="Error" start-time="2017-07-30 20:43:16Z" end-time="2017-07-30 20:43:58Z" duration="42.433258" asserts="0">
                    <failure>
                      <message><![CDATA[Newtonsoft.Json.JsonReaderException : Error reading JObject from JsonReader. Path '', line 0, position 0.]]></message>
                      <stack-trace><![CDATA[   at Newtonsoft.Json.Linq.JObject.Load(JsonReader reader, JsonLoadSettings settings)
   at Newtonsoft.Json.Linq.JObject.Parse(String json, JsonLoadSettings settings)
   at Zukini.API.Services.CcmsiService.GetDeserializeResponse[T](IRestResponse response) in C:\CrownBet\GitHub\WorkOnThis\humita2.0-master\Zukini.API.Services\CcmsiService.cs:line 14
   at Zukini.API.Services.Ccmsi.IdentityServer.Request.SearchIdentityServer.GetIdentityServerTokenDto() in C:\CrownBet\GitHub\WorkOnThis\humita2.0-master\Zukini.API.Services\Ccmsi\IdentityServer\Request\SearchIdentityServer.cs:line 20
   at Zukini.API.Examples.Features.Steps.CcmsiMobileApiExampleFeaturesSteps.GivenAnAccessToken() in C:\CrownBet\GitHub\WorkOnThis\humita2.0-master\Zukini.API.Examples.Features\Steps\CcmsiMobileApiExampleFeaturesSteps.cs:line 27
   at TechTalk.SpecFlow.Bindings.BindingInvoker.InvokeBinding(IBinding binding, IContextManager contextManager, Object[] arguments, ITestTracer testTracer, TimeSpan& duration)
   at TechTalk.SpecFlow.Infrastructure.TestExecutionEngine.ExecuteStepMatch(BindingMatch match, Object[] arguments)
   at TechTalk.SpecFlow.Infrastructure.TestExecutionEngine.ExecuteStep(StepInstance stepInstance)
   at TechTalk.SpecFlow.Infrastructure.TestExecutionEngine.OnAfterLastStep()
   at Zukini.API.Examples.Features.Features.CCMSIAPIMobileExampleFeaturesForClientFeature.ScenarioCleanup()
   at Zukini.API.Examples.Features.Features.CCMSIAPIMobileExampleFeaturesForClientFeature.CcmsiGetPaginatedClientList(String clientValue, String clientName, String[] exampleTags) in C:\CrownBet\GitHub\WorkOnThis\humita2.0-master\Zukini.API.Examples.Features\Features\ApiClients.feature:line 11]]></stack-trace>
                    </failure>
                  </test-case>
                  <test-case id="4-1008" name="CcmsiGetPaginatedClientList(&quot;002&quot;,&quot;CONSOLIDATED CONSTRUCTION SAFETY FUND OF ILLINOIS (002)&quot;,System.String[])" fullname="Zukini.API.Examples.Features.Features.CCMSIAPIMobileExampleFeaturesForClientFeature.CcmsiGetPaginatedClientList(&quot;002&quot;,&quot;CONSOLIDATED CONSTRUCTION SAFETY FUND OF ILLINOIS (002)&quot;,System.String[])" methodname="CcmsiGetPaginatedClientList" classname="Zukini.API.Examples.Features.Features.CCMSIAPIMobileExampleFeaturesForClientFeature" runstate="Runnable" seed="1788604932" result="Failed" label="Error" start-time="2017-07-30 20:43:58Z" end-time="2017-07-30 20:44:19Z" duration="21.024085" asserts="0">
                    <failure>
                      <message><![CDATA[Newtonsoft.Json.JsonReaderException : Error reading JObject from JsonReader. Path '', line 0, position 0.]]></message>
                      <stack-trace><![CDATA[   at Newtonsoft.Json.Linq.JObject.Load(JsonReader reader, JsonLoadSettings settings)
   at Newtonsoft.Json.Linq.JObject.Parse(String json, JsonLoadSettings settings)
   at Zukini.API.Services.CcmsiService.GetDeserializeResponse[T](IRestResponse response) in C:\CrownBet\GitHub\WorkOnThis\humita2.0-master\Zukini.API.Services\CcmsiService.cs:line 14
   at Zukini.API.Services.Ccmsi.IdentityServer.Request.SearchIdentityServer.GetIdentityServerTokenDto() in C:\CrownBet\GitHub\WorkOnThis\humita2.0-master\Zukini.API.Services\Ccmsi\IdentityServer\Request\SearchIdentityServer.cs:line 20
   at Zukini.API.Examples.Features.Steps.CcmsiMobileApiExampleFeaturesSteps.GivenAnAccessToken() in C:\CrownBet\GitHub\WorkOnThis\humita2.0-master\Zukini.API.Examples.Features\Steps\CcmsiMobileApiExampleFeaturesSteps.cs:line 27
   at TechTalk.SpecFlow.Bindings.BindingInvoker.InvokeBinding(IBinding binding, IContextManager contextManager, Object[] arguments, ITestTracer testTracer, TimeSpan& duration)
   at TechTalk.SpecFlow.Infrastructure.TestExecutionEngine.ExecuteStepMatch(BindingMatch match, Object[] arguments)
   at TechTalk.SpecFlow.Infrastructure.TestExecutionEngine.ExecuteStep(StepInstance stepInstance)
   at TechTalk.SpecFlow.Infrastructure.TestExecutionEngine.OnAfterLastStep()
   at Zukini.API.Examples.Features.Features.CCMSIAPIMobileExampleFeaturesForClientFeature.ScenarioCleanup()
   at Zukini.API.Examples.Features.Features.CCMSIAPIMobileExampleFeaturesForClientFeature.CcmsiGetPaginatedClientList(String clientValue, String clientName, String[] exampleTags) in C:\CrownBet\GitHub\WorkOnThis\humita2.0-master\Zukini.API.Examples.Features\Features\ApiClients.feature:line 11]]></stack-trace>
                    </failure>
                  </test-case>
                </test-suite>
              </test-suite>
            </test-suite>
          </test-suite>
        </test-suite>
      </test-suite>
    </test-suite>
  </test-suite>
</test-run>